c:\users\phi\downloads\openglapplication\openglapplication\debug\imageprocessing.mfc.pch
c:\users\phi\downloads\openglapplication\openglapplication\debug\vc120.pdb
c:\users\phi\downloads\openglapplication\openglapplication\debug\vc120.idb
c:\users\phi\downloads\openglapplication\openglapplication\debug\stdafx.obj
c:\users\phi\downloads\openglapplication\openglapplication\debug\childview.obj
c:\users\phi\downloads\openglapplication\openglapplication\debug\dibsurface.obj
c:\users\phi\downloads\openglapplication\openglapplication\debug\mainfrm.obj
c:\users\phi\downloads\openglapplication\openglapplication\debug\imageprocessing.obj
c:\users\phi\downloads\openglapplication\openglapplication\debug\openglsurface.obj
c:\users\phi\downloads\openglapplication\openglapplication\debug\openglview.obj
c:\users\phi\downloads\openglapplication\debug\imageprocessing.mfc.ilk
c:\users\phi\downloads\openglapplication\debug\imageprocessing.mfc.exe
c:\users\phi\downloads\openglapplication\debug\imageprocessing.mfc.pdb
c:\users\phi\downloads\openglapplication\openglapplication\debug\openglapplication.res
d:\school\semesterproject\imageprocessing\openglapplication\debug\childview.obj
d:\school\semesterproject\imageprocessing\openglapplication\debug\dibsurface.obj
d:\school\semesterproject\imageprocessing\openglapplication\debug\imageprocessing.obj
d:\school\semesterproject\imageprocessing\openglapplication\debug\mainfrm.obj
d:\school\semesterproject\imageprocessing\openglapplication\debug\openglsurface.obj
d:\school\semesterproject\imageprocessing\openglapplication\debug\openglview.obj
d:\school\semesterproject\imageprocessing\openglapplication\debug\stdafx.obj
d:\school\semesterproject\imageprocessing\openglapplication\debug\openglapplication.res
d:\school\semesterproject\imageprocessing\openglapplication\debug\imageprocessing.mfc.pch
d:\school\semesterproject\imageprocessing\openglapplication\debug\vc120.idb
d:\school\semesterproject\imageprocessing\openglapplication\debug\vc120.pdb
d:\school\semesterproject\imageprocessing\debug\imageprocessing.mfc.pdb
d:\school\semesterproject\imageprocessing\debug\imageprocessing.mfc.exe
d:\school\semesterproject\imageprocessing\debug\imageprocessing.mfc.ilk
d:\school\semesterproject\imageprocessing\openglapplication\debug\imagepro.bb169c6f.tlog\cl.command.1.tlog
d:\school\semesterproject\imageprocessing\openglapplication\debug\imagepro.bb169c6f.tlog\cl.read.1.tlog
d:\school\semesterproject\imageprocessing\openglapplication\debug\imagepro.bb169c6f.tlog\cl.write.1.tlog
d:\school\semesterproject\imageprocessing\openglapplication\debug\imagepro.bb169c6f.tlog\link.command.1.tlog
d:\school\semesterproject\imageprocessing\openglapplication\debug\imagepro.bb169c6f.tlog\link.read.1.tlog
d:\school\semesterproject\imageprocessing\openglapplication\debug\imagepro.bb169c6f.tlog\link.write.1.tlog
d:\school\semesterproject\imageprocessing\openglapplication\debug\imagepro.bb169c6f.tlog\rc.command.1.tlog
d:\school\semesterproject\imageprocessing\openglapplication\debug\imagepro.bb169c6f.tlog\rc.read.1.tlog
d:\school\semesterproject\imageprocessing\openglapplication\debug\imagepro.bb169c6f.tlog\rc.write.1.tlog
