c:\users\phi\downloads\openglapplication\openglapplication\debug\openglapplication.pch
c:\users\phi\downloads\openglapplication\openglapplication\debug\vc120.pdb
c:\users\phi\downloads\openglapplication\openglapplication\debug\vc120.idb
c:\users\phi\downloads\openglapplication\openglapplication\debug\stdafx.obj
c:\users\phi\downloads\openglapplication\openglapplication\debug\childview.obj
c:\users\phi\downloads\openglapplication\openglapplication\debug\dibsurface.obj
c:\users\phi\downloads\openglapplication\openglapplication\debug\mainfrm.obj
c:\users\phi\downloads\openglapplication\openglapplication\debug\openglapplication.obj
c:\users\phi\downloads\openglapplication\openglapplication\debug\openglsurface.obj
c:\users\phi\downloads\openglapplication\openglapplication\debug\openglview.obj
c:\users\phi\downloads\openglapplication\debug\openglapplication.ilk
c:\users\phi\downloads\openglapplication\debug\openglapplication.exe
c:\users\phi\downloads\openglapplication\debug\openglapplication.pdb
c:\users\phi\downloads\openglapplication\openglapplication\debug\openglapplication.res
c:\users\phi\downloads\openglapplication\openglapplication\debug\openglap.bb169c6f.tlog\cl.command.1.tlog
c:\users\phi\downloads\openglapplication\openglapplication\debug\openglap.bb169c6f.tlog\cl.read.1.tlog
c:\users\phi\downloads\openglapplication\openglapplication\debug\openglap.bb169c6f.tlog\cl.write.1.tlog
c:\users\phi\downloads\openglapplication\openglapplication\debug\openglap.bb169c6f.tlog\link.command.1.tlog
c:\users\phi\downloads\openglapplication\openglapplication\debug\openglap.bb169c6f.tlog\link.read.1.tlog
c:\users\phi\downloads\openglapplication\openglapplication\debug\openglap.bb169c6f.tlog\link.write.1.tlog
c:\users\phi\downloads\openglapplication\openglapplication\debug\openglap.bb169c6f.tlog\rc.command.1.tlog
c:\users\phi\downloads\openglapplication\openglapplication\debug\openglap.bb169c6f.tlog\rc.read.1.tlog
c:\users\phi\downloads\openglapplication\openglapplication\debug\openglap.bb169c6f.tlog\rc.write.1.tlog
